During startup - Warning messages:
1: Setting LC_CTYPE failed, using "C" 
2: Setting LC_COLLATE failed, using "C" 
3: Setting LC_TIME failed, using "C" 
4: Setting LC_MESSAGES failed, using "C" 
5: Setting LC_MONETARY failed, using "C" 
6: Setting LC_PAPER failed, using "C" 
7: Setting LC_MEASUREMENT failed, using "C" 
[1] "Round 20"
[1] "Round 40"
[1] "Round 60"
[1] "Round 80"
[1] "Round 100"
[1] "results/eic/_n100_p20_tau0.5_rho0.5_sigma0.5_Nsim100"
                       lambda           SE         PE         linf        FPR
bootstrap_mean     0.80856722 0.0048717262 0.29511864 0.0386344500 0.51571429
bootstrap_mean_std 0.02967635 0.0002245489 0.01224842 0.0009404507 0.02264649
                   FNR
bootstrap_mean       0
bootstrap_mean_std   0
Time difference of 5.46046 mins
[1] "Round 20"
[1] "Round 40"
