During startup - Warning messages:
1: Setting LC_CTYPE failed, using "C" 
2: Setting LC_COLLATE failed, using "C" 
3: Setting LC_TIME failed, using "C" 
4: Setting LC_MESSAGES failed, using "C" 
5: Setting LC_MONETARY failed, using "C" 
6: Setting LC_PAPER failed, using "C" 
7: Setting LC_MEASUREMENT failed, using "C" 
[1] "Round 20"
[1] "Round 40"
[1] "Round 60"
[1] "Round 80"
[1] "Round 100"
[1] "results/eic_n500_p200_tau0.5_rho0.5_sigma0.5_Nsim100"
                         lambda          SE          PE        linf         FPR
bootstrap_mean     0.0769122010 0.182689949 0.088298463 0.253616394 0.098659794
bootstrap_mean_std 0.0008498092 0.005781806 0.002443858 0.005288367 0.004020912
                   FNR     sum_beta
bootstrap_mean       0 1.934090e-08
bootstrap_mean_std   0 2.461963e-08
Time difference of 1.21778 hours
[1] "Round 20"
[1] "Round 40"
[1] "Round 60"
[1] "Round 80"
[1] "Round 100"
[1] "results/coda_n500_p200_tau0.5_rho0.5_sigma0.5_Nsim100"
                         lambda          SE          PE        linf         FPR
bootstrap_mean     0.0604635292 0.472112799 0.241799282 0.444638717 0.171958763
bootstrap_mean_std 0.0009152236 0.007900738 0.003786017 0.005502016 0.006135257
                   FNR     sum_beta
bootstrap_mean       0 1.132446e-08
bootstrap_mean_std   0 1.682000e-08
Time difference of 1.459951 hours
[1] "Round 20"
[1] "Round 40"
[1] "Round 60"
[1] "Round 80"
[1] "Round 100"
[1] "results/coco_n500_p200_tau0.5_rho0.5_sigma0.5_Nsim100"
                         lambda          SE         PE        linf         FPR
bootstrap_mean     0.0755018685 0.204380001 0.09366344 0.262379611 0.102319588
bootstrap_mean_std 0.0008555969 0.007305698 0.00264970 0.005487179 0.004189171
                   FNR   sum_beta
bootstrap_mean       0 -0.2447414
bootstrap_mean_std   0  0.0204280
Time difference of 11.02788 mins
[1] "Round 20"
[1] "Round 40"
[1] "Round 60"
[1] "Round 80"
[1] "Round 100"
[1] "results/eic_n100_p50_tau0.5_rho0.5_sigma0.5_Nsim100"
                        lambda         SE          PE        linf        FPR
bootstrap_mean     0.058744121 0.24012215 0.105531036 0.274154067 0.30454545
bootstrap_mean_std 0.001418674 0.01324121 0.003956633 0.009078842 0.01054686
                   FNR      sum_beta
bootstrap_mean       0 -1.170148e-08
bootstrap_mean_std   0  2.559815e-08
Time difference of 5.419923 mins
[1] "Round 20"
[1] "Round 40"
[1] "Round 60"
[1] "Round 80"
[1] "Round 100"
[1] "results/coda_n100_p50_tau0.5_rho0.5_sigma0.5_Nsim100"
                        lambda         SE        PE        linf        FPR FNR
bootstrap_mean     0.047720899 0.29867240 0.1302397 0.295649716 0.39545455   0
bootstrap_mean_std 0.001472904 0.01299481 0.0042758 0.008996373 0.01368982   0
                        sum_beta
bootstrap_mean     -5.208501e-08
bootstrap_mean_std  2.518868e-08
Time difference of 5.94095 mins
[1] "Round 20"
[1] "Round 40"
[1] "Round 60"
[1] "Round 80"
[1] "Round 100"
[1] "results/coco_n100_p50_tau0.5_rho0.5_sigma0.5_Nsim100"
                        lambda         SE          PE        linf         FPR
bootstrap_mean     0.056568920 0.26635203 0.111506852 0.293509330 0.313409091
bootstrap_mean_std 0.001293253 0.01419472 0.004009716 0.009213484 0.009921298
                   FNR    sum_beta
bootstrap_mean       0 -0.21191598
bootstrap_mean_std   0  0.03632391
Time difference of 1.196116 mins
[1] "Round 20"
[1] "Round 40"
[1] "Round 60"
