During startup - Warning messages:
1: Setting LC_CTYPE failed, using "C" 
2: Setting LC_COLLATE failed, using "C" 
3: Setting LC_TIME failed, using "C" 
4: Setting LC_MESSAGES failed, using "C" 
5: Setting LC_MONETARY failed, using "C" 
6: Setting LC_PAPER failed, using "C" 
7: Setting LC_MEASUREMENT failed, using "C" 
[1] "estimated tau^2 is 0.0486565132603771"
[1] "estimated tau^2 is 0.0486565132603771"
[1] "estimated tau^2 is 0.0486565132603771"
[1] "estimated tau^2 is 0.0486565132603771"
[1] "estimated tau^2 is 0.0486565132603771"
[1] "estimated tau^2 is 0.0486565132603771"
[1] "estimated tau^2 is 0.0486565132603771"
[1] "estimated tau^2 is 0.0486565132603771"
[1] "estimated tau^2 is 0.0486565132603771"
[1] "estimated tau^2 is 0.0486565132603771"
[1] "estimated tau^2 is 0.0486565132603771"
[1] "estimated tau^2 is 0.0486565132603771"
[1] "estimated tau^2 is 0.0486565132603771"
[1] "estimated tau^2 is 0.0486565132603771"
[1] "estimated tau^2 is 0.0486565132603771"
[1] "estimated tau^2 is 0.0486565132603771"
[1] "estimated tau^2 is 0.0486565132603771"
[1] "estimated tau^2 is 0.0486565132603771"
[1] "estimated tau^2 is 0.0486565132603771"
[1] "Round 20"
[1] "estimated tau^2 is 0.0486565132603771"
[1] "estimated tau^2 is 0.0486565132603771"
[1] "estimated tau^2 is 0.0486565132603771"
[1] "estimated tau^2 is 0.0486565132603771"
[1] "estimated tau^2 is 0.0486565132603771"
[1] "estimated tau^2 is 0.0486565132603771"
[1] "estimated tau^2 is 0.0486565132603771"
[1] "estimated tau^2 is 0.0486565132603771"
[1] "estimated tau^2 is 0.0486565132603771"
[1] "estimated tau^2 is 0.0486565132603771"
[1] "estimated tau^2 is 0.0486565132603771"
[1] "estimated tau^2 is 0.0486565132603771"
[1] "estimated tau^2 is 0.0486565132603771"
[1] "estimated tau^2 is 0.0486565132603771"
[1] "estimated tau^2 is 0.0486565132603771"
[1] "estimated tau^2 is 0.0486565132603771"
[1] "estimated tau^2 is 0.0486565132603771"
[1] "estimated tau^2 is 0.0486565132603771"
[1] "estimated tau^2 is 0.0486565132603771"
[1] "estimated tau^2 is 0.0486565132603771"
[1] "Round 40"
[1] "estimated tau^2 is 0.0486565132603771"
[1] "estimated tau^2 is 0.0486565132603771"
[1] "estimated tau^2 is 0.0486565132603771"
[1] "estimated tau^2 is 0.0486565132603771"
[1] "estimated tau^2 is 0.0486565132603771"
[1] "estimated tau^2 is 0.0486565132603771"
[1] "estimated tau^2 is 0.0486565132603771"
[1] "estimated tau^2 is 0.0486565132603771"
[1] "estimated tau^2 is 0.0486565132603771"
[1] "estimated tau^2 is 0.0486565132603771"
[1] "estimated tau^2 is 0.0486565132603771"
[1] "estimated tau^2 is 0.0486565132603771"
[1] "estimated tau^2 is 0.0486565132603771"
[1] "estimated tau^2 is 0.0486565132603771"
[1] "estimated tau^2 is 0.0486565132603771"
[1] "estimated tau^2 is 0.0486565132603771"
[1] "estimated tau^2 is 0.0486565132603771"
[1] "estimated tau^2 is 0.0486565132603771"
[1] "estimated tau^2 is 0.0486565132603771"
[1] "estimated tau^2 is 0.0486565132603771"
[1] "Round 60"
[1] "estimated tau^2 is 0.0486565132603771"
[1] "estimated tau^2 is 0.0486565132603771"
[1] "estimated tau^2 is 0.0486565132603771"
[1] "estimated tau^2 is 0.0486565132603771"
[1] "estimated tau^2 is 0.0486565132603771"
[1] "estimated tau^2 is 0.0486565132603771"
[1] "estimated tau^2 is 0.0486565132603771"
[1] "estimated tau^2 is 0.0486565132603771"
[1] "estimated tau^2 is 0.0486565132603771"
[1] "estimated tau^2 is 0.0486565132603771"
[1] "estimated tau^2 is 0.0486565132603771"
[1] "estimated tau^2 is 0.0486565132603771"
[1] "estimated tau^2 is 0.0486565132603771"
[1] "estimated tau^2 is 0.0486565132603771"
[1] "estimated tau^2 is 0.0486565132603771"
[1] "estimated tau^2 is 0.0486565132603771"
[1] "estimated tau^2 is 0.0486565132603771"
[1] "estimated tau^2 is 0.0486565132603771"
[1] "estimated tau^2 is 0.0486565132603771"
[1] "estimated tau^2 is 0.0486565132603771"
[1] "Round 80"
[1] "estimated tau^2 is 0.0486565132603771"
[1] "estimated tau^2 is 0.0486565132603771"
[1] "estimated tau^2 is 0.0486565132603771"
[1] "estimated tau^2 is 0.0486565132603771"
[1] "estimated tau^2 is 0.0486565132603771"
[1] "estimated tau^2 is 0.0486565132603771"
[1] "estimated tau^2 is 0.0486565132603771"
[1] "estimated tau^2 is 0.0486565132603771"
[1] "estimated tau^2 is 0.0486565132603771"
[1] "estimated tau^2 is 0.0486565132603771"
[1] "estimated tau^2 is 0.0486565132603771"
[1] "estimated tau^2 is 0.0486565132603771"
[1] "estimated tau^2 is 0.0486565132603771"
[1] "estimated tau^2 is 0.0486565132603771"
[1] "estimated tau^2 is 0.0486565132603771"
[1] "estimated tau^2 is 0.0486565132603771"
[1] "estimated tau^2 is 0.0486565132603771"
[1] "estimated tau^2 is 0.0486565132603771"
[1] "estimated tau^2 is 0.0486565132603771"
[1] "estimated tau^2 is 0.0486565132603771"
[1] "Round 100"
[1] "estimated tau^2 is 0.0486565132603771"
[1] "results/eic+multinom_n50_p50_tau0.5_rho0.5_sigma0.5_Nsim100"
                        lambda         SE         PE      linf        FPR
bootstrap_mean     0.071379152 0.73085289 0.22217877 0.4622406 0.30590909
bootstrap_mean_std 0.003019866 0.05269282 0.01078619 0.0160038 0.01013011
                           FNR     sum_beta
bootstrap_mean     0.011666667 2.699953e-08
bootstrap_mean_std 0.004886478 1.762697e-08
Time difference of 9.692617 mins
[1] "estimated tau^2 is 0.0485114229216451"
[1] "estimated tau^2 is 0.0485114229216451"
[1] "estimated tau^2 is 0.0485114229216451"
[1] "estimated tau^2 is 0.0485114229216451"
[1] "estimated tau^2 is 0.0485114229216451"
[1] "estimated tau^2 is 0.0485114229216451"
[1] "estimated tau^2 is 0.0485114229216451"
[1] "estimated tau^2 is 0.0485114229216451"
[1] "estimated tau^2 is 0.0485114229216451"
[1] "estimated tau^2 is 0.0485114229216451"
[1] "estimated tau^2 is 0.0485114229216451"
[1] "estimated tau^2 is 0.0485114229216451"
[1] "estimated tau^2 is 0.0485114229216451"
[1] "estimated tau^2 is 0.0485114229216451"
[1] "estimated tau^2 is 0.0485114229216451"
[1] "estimated tau^2 is 0.0485114229216451"
[1] "estimated tau^2 is 0.0485114229216451"
[1] "estimated tau^2 is 0.0485114229216451"
[1] "estimated tau^2 is 0.0485114229216451"
[1] "Round 20"
[1] "estimated tau^2 is 0.0485114229216451"
[1] "estimated tau^2 is 0.0485114229216451"
[1] "estimated tau^2 is 0.0485114229216451"
[1] "estimated tau^2 is 0.0485114229216451"
[1] "estimated tau^2 is 0.0485114229216451"
[1] "estimated tau^2 is 0.0485114229216451"
[1] "estimated tau^2 is 0.0485114229216451"
[1] "estimated tau^2 is 0.0485114229216451"
[1] "estimated tau^2 is 0.0485114229216451"
[1] "estimated tau^2 is 0.0485114229216451"
[1] "estimated tau^2 is 0.0485114229216451"
[1] "estimated tau^2 is 0.0485114229216451"
[1] "estimated tau^2 is 0.0485114229216451"
[1] "estimated tau^2 is 0.0485114229216451"
[1] "estimated tau^2 is 0.0485114229216451"
[1] "estimated tau^2 is 0.0485114229216451"
[1] "estimated tau^2 is 0.0485114229216451"
[1] "estimated tau^2 is 0.0485114229216451"
[1] "estimated tau^2 is 0.0485114229216451"
[1] "estimated tau^2 is 0.0485114229216451"
[1] "Round 40"
[1] "estimated tau^2 is 0.0485114229216451"
[1] "estimated tau^2 is 0.0485114229216451"
[1] "estimated tau^2 is 0.0485114229216451"
[1] "estimated tau^2 is 0.0485114229216451"
[1] "estimated tau^2 is 0.0485114229216451"
[1] "estimated tau^2 is 0.0485114229216451"
[1] "estimated tau^2 is 0.0485114229216451"
[1] "estimated tau^2 is 0.0485114229216451"
[1] "estimated tau^2 is 0.0485114229216451"
[1] "estimated tau^2 is 0.0485114229216451"
[1] "estimated tau^2 is 0.0485114229216451"
[1] "estimated tau^2 is 0.0485114229216451"
[1] "estimated tau^2 is 0.0485114229216451"
[1] "estimated tau^2 is 0.0485114229216451"
[1] "estimated tau^2 is 0.0485114229216451"
[1] "estimated tau^2 is 0.0485114229216451"
[1] "estimated tau^2 is 0.0485114229216451"
[1] "estimated tau^2 is 0.0485114229216451"
[1] "estimated tau^2 is 0.0485114229216451"
[1] "estimated tau^2 is 0.0485114229216451"
[1] "Round 60"
[1] "estimated tau^2 is 0.0485114229216451"
[1] "estimated tau^2 is 0.0485114229216451"
[1] "estimated tau^2 is 0.0485114229216451"
[1] "estimated tau^2 is 0.0485114229216451"
[1] "estimated tau^2 is 0.0485114229216451"
[1] "estimated tau^2 is 0.0485114229216451"
[1] "estimated tau^2 is 0.0485114229216451"
[1] "estimated tau^2 is 0.0485114229216451"
[1] "estimated tau^2 is 0.0485114229216451"
[1] "estimated tau^2 is 0.0485114229216451"
[1] "estimated tau^2 is 0.0485114229216451"
[1] "estimated tau^2 is 0.0485114229216451"
[1] "estimated tau^2 is 0.0485114229216451"
[1] "estimated tau^2 is 0.0485114229216451"
[1] "estimated tau^2 is 0.0485114229216451"
[1] "estimated tau^2 is 0.0485114229216451"
[1] "estimated tau^2 is 0.0485114229216451"
[1] "estimated tau^2 is 0.0485114229216451"
[1] "estimated tau^2 is 0.0485114229216451"
[1] "estimated tau^2 is 0.0485114229216451"
[1] "Round 80"
[1] "estimated tau^2 is 0.0485114229216451"
[1] "estimated tau^2 is 0.0485114229216451"
[1] "estimated tau^2 is 0.0485114229216451"
[1] "estimated tau^2 is 0.0485114229216451"
[1] "estimated tau^2 is 0.0485114229216451"
[1] "estimated tau^2 is 0.0485114229216451"
[1] "estimated tau^2 is 0.0485114229216451"
[1] "estimated tau^2 is 0.0485114229216451"
[1] "estimated tau^2 is 0.0485114229216451"
[1] "estimated tau^2 is 0.0485114229216451"
[1] "estimated tau^2 is 0.0485114229216451"
[1] "estimated tau^2 is 0.0485114229216451"
[1] "estimated tau^2 is 0.0485114229216451"
[1] "estimated tau^2 is 0.0485114229216451"
[1] "estimated tau^2 is 0.0485114229216451"
[1] "estimated tau^2 is 0.0485114229216451"
[1] "estimated tau^2 is 0.0485114229216451"
[1] "estimated tau^2 is 0.0485114229216451"
[1] "estimated tau^2 is 0.0485114229216451"
[1] "estimated tau^2 is 0.0485114229216451"
[1] "Round 100"
[1] "estimated tau^2 is 0.0485114229216451"
[1] "results/coda+multinom_n50_p50_tau0.5_rho0.5_sigma0.5_Nsim100"
                       lambda         SE         PE       linf       FPR
bootstrap_mean     0.05603194 0.73619741 0.22518719 0.45184199 0.3945455
bootstrap_mean_std 0.00315187 0.04355799 0.01054006 0.01481828 0.0135231
                           FNR     sum_beta
bootstrap_mean     0.008333333 2.696839e-08
bootstrap_mean_std 0.004351941 2.053136e-08
Time difference of 10.88234 mins
[1] "estimated tau^2 is 0.0485114229216451"
[1] "estimated tau^2 is 0.0485114229216451"
[1] "estimated tau^2 is 0.0485114229216451"
[1] "estimated tau^2 is 0.0485114229216451"
[1] "estimated tau^2 is 0.0485114229216451"
[1] "estimated tau^2 is 0.0485114229216451"
[1] "estimated tau^2 is 0.0485114229216451"
[1] "estimated tau^2 is 0.0485114229216451"
[1] "estimated tau^2 is 0.0485114229216451"
[1] "estimated tau^2 is 0.0485114229216451"
[1] "estimated tau^2 is 0.0485114229216451"
[1] "estimated tau^2 is 0.0485114229216451"
[1] "estimated tau^2 is 0.0485114229216451"
[1] "estimated tau^2 is 0.0485114229216451"
[1] "estimated tau^2 is 0.0485114229216451"
[1] "estimated tau^2 is 0.0485114229216451"
[1] "estimated tau^2 is 0.0485114229216451"
[1] "estimated tau^2 is 0.0485114229216451"
[1] "estimated tau^2 is 0.0485114229216451"
[1] "Round 20"
[1] "estimated tau^2 is 0.0485114229216451"
[1] "estimated tau^2 is 0.0485114229216451"
[1] "estimated tau^2 is 0.0485114229216451"
[1] "estimated tau^2 is 0.0485114229216451"
[1] "estimated tau^2 is 0.0485114229216451"
[1] "estimated tau^2 is 0.0485114229216451"
[1] "estimated tau^2 is 0.0485114229216451"
[1] "estimated tau^2 is 0.0485114229216451"
[1] "estimated tau^2 is 0.0485114229216451"
[1] "estimated tau^2 is 0.0485114229216451"
[1] "estimated tau^2 is 0.0485114229216451"
[1] "estimated tau^2 is 0.0485114229216451"
[1] "estimated tau^2 is 0.0485114229216451"
[1] "estimated tau^2 is 0.0485114229216451"
[1] "estimated tau^2 is 0.0485114229216451"
[1] "estimated tau^2 is 0.0485114229216451"
[1] "estimated tau^2 is 0.0485114229216451"
[1] "estimated tau^2 is 0.0485114229216451"
[1] "estimated tau^2 is 0.0485114229216451"
[1] "estimated tau^2 is 0.0485114229216451"
[1] "Round 40"
[1] "estimated tau^2 is 0.0485114229216451"
[1] "estimated tau^2 is 0.0485114229216451"
[1] "estimated tau^2 is 0.0485114229216451"
[1] "estimated tau^2 is 0.0485114229216451"
[1] "estimated tau^2 is 0.0485114229216451"
[1] "estimated tau^2 is 0.0485114229216451"
[1] "estimated tau^2 is 0.0485114229216451"
[1] "estimated tau^2 is 0.0485114229216451"
[1] "estimated tau^2 is 0.0485114229216451"
[1] "estimated tau^2 is 0.0485114229216451"
[1] "estimated tau^2 is 0.0485114229216451"
[1] "estimated tau^2 is 0.0485114229216451"
[1] "estimated tau^2 is 0.0485114229216451"
[1] "estimated tau^2 is 0.0485114229216451"
[1] "estimated tau^2 is 0.0485114229216451"
[1] "estimated tau^2 is 0.0485114229216451"
[1] "estimated tau^2 is 0.0485114229216451"
[1] "estimated tau^2 is 0.0485114229216451"
[1] "estimated tau^2 is 0.0485114229216451"
[1] "estimated tau^2 is 0.0485114229216451"
[1] "Round 60"
[1] "estimated tau^2 is 0.0485114229216451"
[1] "estimated tau^2 is 0.0485114229216451"
[1] "estimated tau^2 is 0.0485114229216451"
[1] "estimated tau^2 is 0.0485114229216451"
[1] "estimated tau^2 is 0.0485114229216451"
[1] "estimated tau^2 is 0.0485114229216451"
[1] "estimated tau^2 is 0.0485114229216451"
[1] "estimated tau^2 is 0.0485114229216451"
[1] "estimated tau^2 is 0.0485114229216451"
[1] "estimated tau^2 is 0.0485114229216451"
[1] "estimated tau^2 is 0.0485114229216451"
[1] "estimated tau^2 is 0.0485114229216451"
[1] "estimated tau^2 is 0.0485114229216451"
[1] "estimated tau^2 is 0.0485114229216451"
[1] "estimated tau^2 is 0.0485114229216451"
[1] "estimated tau^2 is 0.0485114229216451"
[1] "estimated tau^2 is 0.0485114229216451"
[1] "estimated tau^2 is 0.0485114229216451"
[1] "estimated tau^2 is 0.0485114229216451"
[1] "estimated tau^2 is 0.0485114229216451"
[1] "Round 80"
[1] "estimated tau^2 is 0.0485114229216451"
[1] "estimated tau^2 is 0.0485114229216451"
[1] "estimated tau^2 is 0.0485114229216451"
[1] "estimated tau^2 is 0.0485114229216451"
[1] "estimated tau^2 is 0.0485114229216451"
[1] "estimated tau^2 is 0.0485114229216451"
[1] "estimated tau^2 is 0.0485114229216451"
[1] "estimated tau^2 is 0.0485114229216451"
[1] "estimated tau^2 is 0.0485114229216451"
[1] "estimated tau^2 is 0.0485114229216451"
[1] "estimated tau^2 is 0.0485114229216451"
[1] "estimated tau^2 is 0.0485114229216451"
[1] "estimated tau^2 is 0.0485114229216451"
[1] "estimated tau^2 is 0.0485114229216451"
[1] "estimated tau^2 is 0.0485114229216451"
[1] "estimated tau^2 is 0.0485114229216451"
[1] "estimated tau^2 is 0.0485114229216451"
[1] "estimated tau^2 is 0.0485114229216451"
[1] "estimated tau^2 is 0.0485114229216451"
[1] "estimated tau^2 is 0.0485114229216451"
[1] "Round 100"
[1] "estimated tau^2 is 0.0485114229216451"
[1] "results/coco+multinom_n50_p50_tau0.5_rho0.5_sigma0.5_Nsim100"
                        lambda         SE          PE       linf         FPR
bootstrap_mean     0.071999403 0.81933658 0.224751587 0.50479526 0.299545455
bootstrap_mean_std 0.002380566 0.04874276 0.009018106 0.01516233 0.009041302
                           FNR    sum_beta
bootstrap_mean     0.015000000 -0.41557714
bootstrap_mean_std 0.004793725  0.05638382
Time difference of 1.908552 mins
