During startup - Warning messages:
1: Setting LC_CTYPE failed, using "C" 
2: Setting LC_COLLATE failed, using "C" 
3: Setting LC_TIME failed, using "C" 
4: Setting LC_MESSAGES failed, using "C" 
5: Setting LC_MONETARY failed, using "C" 
6: Setting LC_PAPER failed, using "C" 
7: Setting LC_MEASUREMENT failed, using "C" 
[1] "estimated tau^2 is 0.0269462631661181"
[1] "Round 20"
[1] "Round 40"
[1] "Round 60"
[1] "Round 80"
[1] "Round 100"
[1] "results/eic+multinom_n50_p50_tau0.5_rho0.5_sigma0.5_Nsim100"
                       lambda         SE         PE       linf        FPR
bootstrap_mean     0.06821766 0.63211756 0.20839279 0.41619659 0.32818182
bootstrap_mean_std 0.01018811 0.08060958 0.03263921 0.01862966 0.01053855
                          FNR     sum_beta
bootstrap_mean     0.01500000 1.694017e-08
bootstrap_mean_std 0.01035156 1.455652e-08
Time difference of 9.774965 mins
[1] "estimated tau^2 is 0.0269812448619941"
[1] "Round 20"
[1] "Round 40"
[1] "Round 60"
[1] "Round 80"
[1] "Round 100"
[1] "results/coda+multinom_n50_p50_tau0.5_rho0.5_sigma0.5_Nsim100"
                       lambda         SE         PE       linf        FPR
bootstrap_mean     0.05971405 0.68277235 0.21890240 0.42043086 0.37636364
bootstrap_mean_std 0.01027406 0.08022085 0.03249139 0.01817244 0.01263676
                          FNR     sum_beta
bootstrap_mean     0.01166667 9.531901e-09
bootstrap_mean_std 0.01012132 1.397813e-08
Time difference of 10.46907 mins
[1] "estimated tau^2 is 0.0269812448619941"
[1] "Round 20"
[1] "Round 40"
[1] "Round 60"
[1] "Round 80"
[1] "Round 100"
[1] "results/coco+multinom_n50_p50_tau0.5_rho0.5_sigma0.5_Nsim100"
                        lambda         SE          PE       linf        FPR
bootstrap_mean     0.056925530 0.60020512 0.183444391 0.41958779 0.32863636
bootstrap_mean_std 0.002023203 0.03772001 0.006280276 0.01560515 0.01047947
                           FNR    sum_beta
bootstrap_mean     0.005000000 -0.18666015
bootstrap_mean_std 0.002857443  0.05758605
Time difference of 2.006338 mins
[1] "estimated tau^2 is 0.056323045917267"
[1] "Round 20"
[1] "Round 40"
[1] "Round 60"
[1] "Round 80"
[1] "Round 100"
[1] "results/eic+multinom_n50_p100_tau0.5_rho0.5_sigma0.5_Nsim100"
                        lambda         SE         PE       linf         FPR
bootstrap_mean     0.129765123 1.59249646 0.36951819 0.68558445 0.171382979
bootstrap_mean_std 0.005429259 0.07509463 0.01783609 0.01690729 0.005962386
                          FNR     sum_beta
bootstrap_mean     0.09000000 5.250497e-08
bootstrap_mean_std 0.01170628 2.167958e-08
Time difference of 40.85389 mins
[1] "estimated tau^2 is 0.0563216617412954"
[1] "Round 20"
[1] "Round 40"
[1] "Round 60"
[1] "Round 80"
[1] "Round 100"
[1] "results/coda+multinom_n50_p100_tau0.5_rho0.5_sigma0.5_Nsim100"
                       lambda         SE         PE       linf         FPR
bootstrap_mean     0.08825128 1.49837166 0.34035593 0.62906822 0.236808511
bootstrap_mean_std 0.00565086 0.07678795 0.01537225 0.01839315 0.008381543
                           FNR      sum_beta
bootstrap_mean     0.061666667 -6.194089e-09
bootstrap_mean_std 0.009667595  1.873595e-08
Time difference of 1.050795 hours
[1] "estimated tau^2 is 0.0563216617412954"
[1] "Round 20"
[1] "Round 40"
[1] "Round 60"
[1] "Round 80"
[1] "Round 100"
[1] "results/coco+multinom_n50_p100_tau0.5_rho0.5_sigma0.5_Nsim100"
                        lambda        SE         PE       linf         FPR
bootstrap_mean     0.134314053 1.7902410 0.39695038 0.72842040 0.166914894
bootstrap_mean_std 0.006500702 0.0927587 0.02581067 0.01903052 0.005197832
                          FNR    sum_beta
bootstrap_mean     0.10500000 -0.61686566
bootstrap_mean_std 0.01268079  0.05734055
Time difference of 4.640455 mins
