During startup - Warning messages:
1: Setting LC_CTYPE failed, using "C" 
2: Setting LC_COLLATE failed, using "C" 
3: Setting LC_TIME failed, using "C" 
4: Setting LC_MESSAGES failed, using "C" 
5: Setting LC_MONETARY failed, using "C" 
6: Setting LC_PAPER failed, using "C" 
7: Setting LC_MEASUREMENT failed, using "C" 
[1] "estimated tau is 0.133976376521892"
[1] "Round 20"
[1] "Round 40"
[1] "Round 60"
[1] "Round 80"
[1] "Round 100"
[1] "results/eic+dirmult_n50_p100_tau0.5_rho0.5_sigma0.5_Nsim100"
                        lambda         SE          PE       linf         FPR
bootstrap_mean     0.066486892 0.90840772 0.208396810 0.50083442 0.231808511
bootstrap_mean_std 0.003509371 0.05577423 0.009306122 0.01692224 0.007140863
                           FNR     sum_beta
bootstrap_mean     0.020000000 3.177548e-09
bootstrap_mean_std 0.005443311 1.086139e-08
Time difference of 1.244446 hours
[1] "estimated tau is 0.133893996003976"
[1] "Round 20"
[1] "Early Stopping because of convergence of the error at 3 iteration"
[1] "Round 40"
[1] "Round 60"
[1] "Round 80"
[1] "Round 100"
[1] "results/coda+dirmult_n50_p100_tau0.5_rho0.5_sigma0.5_Nsim100"
                       lambda         SE         PE       linf         FPR
bootstrap_mean     0.07247808 0.93566559 0.26001762 0.48580678 0.252978723
bootstrap_mean_std 0.01550763 0.08778898 0.05133664 0.02007536 0.008622174
                           FNR      sum_beta
bootstrap_mean     0.023333333 -8.515031e-08
bootstrap_mean_std 0.009481508  7.747660e-08
Time difference of 1.601954 hours
[1] "estimated tau is 0.133893996003976"
[1] "Round 20"
[1] "Round 40"
[1] "Round 60"
[1] "Round 80"
[1] "Round 100"
[1] "results/coco+dirmult_n50_p100_tau0.5_rho0.5_sigma0.5_Nsim100"
                        lambda         SE        PE       linf         FPR
bootstrap_mean     0.079641839 1.16010202 0.2482695 0.56948448 0.213829787
bootstrap_mean_std 0.006446584 0.09913795 0.0229342 0.02284528 0.006543053
                          FNR    sum_beta
bootstrap_mean     0.04666667 -0.39388251
bootstrap_mean_std 0.01186342  0.06050951
Time difference of 10.58909 mins
[1] "estimated tau is 0.192454779210632"
[1] "Round 20"
[1] "Round 40"
