# applying scale to Z X then Sig_B=var(B)
During startup - Warning messages:
1: Setting LC_CTYPE failed, using "C" 
2: Setting LC_COLLATE failed, using "C" 
3: Setting LC_TIME failed, using "C" 
4: Setting LC_MESSAGES failed, using "C" 
5: Setting LC_MONETARY failed, using "C" 
6: Setting LC_PAPER failed, using "C" 
7: [1] "Round 10"
[1] "Round 20"
[1] "Round 30"
[1] "Round 40"
[1] "Round 50"
[1] "Eric"
                      lambda       SE         PE       linf         FPR
bootstrap_mean     0.5274644 2.558321 7116345785 0.87497873 0.079354839
bootstrap_mean_std 0.0269103 0.431969 4857239088 0.09510597 0.005316343
                          FNR     sum_beta
bootstrap_mean     0.64000000 4.305687e-07
bootstrap_mean_std 0.06857143 2.416673e-07
