During startup - Warning messages:
1: Setting LC_CTYPE failed, using "C" 
2: Setting LC_COLLATE failed, using "C" 
3: Setting LC_TIME failed, using "C" 
4: Setting LC_MESSAGES failed, using "C" 
5: Setting LC_MONETARY failed, using "C" 
6: Setting LC_PAPER failed, using "C" 
7: Setting LC_MEASUREMENT failed, using "C" 
[1] "Round 10"
[1] "Round 20"
[1] "Eric"
                       lambda        SE       PE      linf         FPR
bootstrap_mean     0.51321689 3.5741160 5.880115 1.0187202 0.088306452
bootstrap_mean_std 0.04346059 0.8796243 2.364570 0.1741629 0.008568205
                          FNR     sum_beta
bootstrap_mean     0.75000000 1.244534e-07
bootstrap_mean_std 0.09933993 1.538801e-07
[1] "Round 10"
[1] "Round 20"
[1] "CoDA"
                       lambda        SE       PE      linf        FPR
bootstrap_mean     0.16311974 3.3692761 3.424574 0.9080016 0.20080645
bootstrap_mean_std 0.06747513 0.4266557 0.514327 0.0903459 0.01726576
                          FNR      sum_beta
bootstrap_mean     0.90000000 -5.909366e-09
bootstrap_mean_std 0.06882472  9.368800e-09
[1] "Round 10"
[1] "Round 20"
[1] "CoCo"
                       lambda        SE        PE      linf         FPR
bootstrap_mean     0.58848006 2.4125381 2.8723409 0.9082212 0.053225806
bootstrap_mean_std 0.04666905 0.4800356 0.6933752 0.1226890 0.006034931
                         FNR  sum_beta
bootstrap_mean     0.8500000 1.9263941
bootstrap_mean_std 0.0819178 0.2914904
[1] "Round 10"
[1] "Round 20"
[1] "Vani"
                       lambda        SE        PE      linf        FPR  FNR
bootstrap_mean     0.22249758 3.3540985 3.6690419 1.0151822 0.15443548 0.95
bootstrap_mean_std 0.07414925 0.4939473 0.7181984 0.1182727 0.01968691 0.05
                   sum_beta
bootstrap_mean     2.217157
bootstrap_mean_std 0.326006
