During startup - Warning messages:
1: Setting LC_CTYPE failed, using "C" 
2: Setting LC_COLLATE failed, using "C" 
3: Setting LC_TIME failed, using "C" 
4: Setting LC_MESSAGES failed, using "C" 
5: Setting LC_MONETARY failed, using "C" 
6: Setting LC_PAPER failed, using "C" 
7: Setting LC_MEASUREMENT failed, using "C" 
[1] "Round 20"
[1] "Round 40"
[1] "Round 60"
[1] "Round 80"
[1] "Round 100"
[1] "results/Vani+lognormal_n500_p500_tau0.5_rho0.5_sigma0.5_Nsim100"
                        lambda         SE          PE        linf         FPR
bootstrap_mean     0.105878814 1.53485778 0.703651207 0.644218844 0.082611336
bootstrap_mean_std 0.001443649 0.01618182 0.007504672 0.005179879 0.003537988
                   FNR    sum_beta
bootstrap_mean       0 -0.10331588
bootstrap_mean_std   0  0.02432264
Time difference of 7.1413 mins
[1] "Round 20"
[1] "Round 40"
[1] "Round 60"
[1] "Round 80"
[1] "Round 100"
[1] "results/Vani+dirichlet_n500_p500_tau0.5_rho0.5_sigma0.5_Nsim100"
                        lambda          SE          PE        linf         FPR
bootstrap_mean     0.312255001 0.055775827 0.339076726 0.133284948 0.079939271
bootstrap_mean_std 0.004953372 0.001850355 0.007202268 0.003747031 0.004005671
                   FNR   sum_beta
bootstrap_mean       0 0.00548110
bootstrap_mean_std   0 0.01138099
Time difference of 6.473139 mins
