During startup - Warning messages:
1: Setting LC_CTYPE failed, using "C" 
2: Setting LC_COLLATE failed, using "C" 
3: Setting LC_TIME failed, using "C" 
4: Setting LC_MESSAGES failed, using "C" 
5: Setting LC_MONETARY failed, using "C" 
6: Setting LC_PAPER failed, using "C" 
7: Setting LC_MEASUREMENT failed, using "C" 
[1] "Round 20"
[1] "Round 40"
[1] "Round 60"
[1] "Round 80"
[1] "Round 100"
[1] "results/Eric+lognormal_n250_p400_tau0.5_rho0.5_sigma0.5_Nsim100"
                        lambda         SE         PE      linf        FPR
bootstrap_mean     0.171069569 1.05531148 0.43361131 0.5944482 0.04835025
bootstrap_mean_std 0.002431082 0.03396568 0.01268183 0.0123198 0.00209586
                           FNR         TPR      sum_beta
bootstrap_mean     0.026666667 0.973333333 -2.239468e-08
bootstrap_mean_std 0.006581953 0.006581953  3.177561e-08
Time difference of 7.534258 hours
[1] "Round 20"
[1] "Round 40"
[1] "Round 60"
[1] "Round 80"
[1] "Round 100"
[1] "results/CoDA+lognormal_n250_p400_tau0.5_rho0.5_sigma0.5_Nsim100"
                        lambda        SE         PE        linf         FPR
bootstrap_mean     0.141513926 1.9485239 0.82881292 0.727270816 0.086700508
bootstrap_mean_std 0.002767163 0.0283557 0.01389144 0.006828783 0.003645981
                          FNR        TPR      sum_beta
bootstrap_mean     0.03000000 0.97000000 -3.015742e-08
bootstrap_mean_std 0.00725517 0.00725517  2.431302e-08
Time difference of 7.373746 hours
