During startup - Warning messages:
1: Setting LC_CTYPE failed, using "C" 
2: Setting LC_COLLATE failed, using "C" 
3: Setting LC_TIME failed, using "C" 
4: Setting LC_MESSAGES failed, using "C" 
5: Setting LC_MONETARY failed, using "C" 
6: Setting LC_PAPER failed, using "C" 
7: Setting LC_MEASUREMENT failed, using "C" 
[1] "Round 20"
[1] "Round 40"
[1] "Round 60"
[1] "Round 80"
[1] "Round 100"
[1] "results/CoCo+dirichlet_n100_p200_tau0.5_rho0.5_sigma0.5_Nsim100"
                       lambda          SE         PE        linf         FPR
bootstrap_mean     0.55730660 0.067247232 0.75478635 0.131733331 0.196649485
bootstrap_mean_std 0.01978854 0.003912314 0.02206413 0.005868446 0.006600092
                   FNR TPR   sum_beta
bootstrap_mean       0   1 0.01926764
bootstrap_mean_std   0   0 0.01867956
Time difference of 47.97993 mins
[1] "Round 20"
[1] "Round 40"
[1] "Round 60"
[1] "Round 80"
[1] "Round 100"
[1] "results/CoCo+dirichlet_n250_p400_tau0.5_rho0.5_sigma0.5_Nsim100"
                        lambda          SE         PE       linf         FPR
bootstrap_mean     0.409319537 0.057724492 0.34017071 0.12672686 0.112005076
bootstrap_mean_std 0.009902625 0.008442832 0.01313963 0.01034788 0.005928497
                   FNR TPR     sum_beta
bootstrap_mean       0   1 -0.007880501
bootstrap_mean_std   0   0  0.017315151
Time difference of 1.952927 hours
