During startup - Warning messages:
1: Setting LC_CTYPE failed, using "C" 
2: Setting LC_COLLATE failed, using "C" 
3: Setting LC_TIME failed, using "C" 
4: Setting LC_MESSAGES failed, using "C" 
5: Setting LC_MONETARY failed, using "C" 
6: Setting LC_PAPER failed, using "C" 
7: Setting LC_MEASUREMENT failed, using "C" 
[1] "Round 20"
[1] "Round 40"
[1] "Round 60"
[1] "Round 80"
[1] "Round 100"
[1] "results/Eric+dirichlet_n100_p100_tau5.5_rho0.5_sigma0.5_Nsim100"
                       lambda        SE        PE       linf         FPR
bootstrap_mean     16.4240196 3.1106491 78.414748 0.98216964 0.066489362
bootstrap_mean_std  0.2662798 0.1065764  2.517415 0.02120001 0.003769176
                          FNR        TPR     sum_beta
bootstrap_mean     0.14666667 0.85333333 5.759406e-06
bootstrap_mean_std 0.01324889 0.01324889 1.071783e-05
Time difference of 42.82883 mins
[1] "Round 20"
[1] "Round 40"
[1] "Round 60"
[1] "Round 80"
[1] "Round 100"
[1] "results/Coda+dirichlet_n100_p100_tau5.5_rho0.5_sigma0.5_Nsim100"
                       lambda         SE        PE      linf        FPR
bootstrap_mean     10.8596754 3.91075986 96.707033 1.0611780 0.18797872
bootstrap_mean_std  0.3583173 0.08037444  2.131234 0.0154456 0.01142888
                         FNR       TPR     sum_beta
bootstrap_mean     0.0800000 0.9200000 7.691247e-06
bootstrap_mean_std 0.0107204 0.0107204 9.467985e-06
Time difference of 37.15319 mins
[1] "Round 20"
[1] "Round 40"
[1] "Round 60"
[1] "Round 80"
[1] "Round 100"
[1] "results/CoCo+dirichlet_n100_p100_tau5.5_rho0.5_sigma0.5_Nsim100"
                       lambda        SE        PE       linf         FPR
bootstrap_mean     16.2197433 3.1048252 80.186546 0.98742637 0.067446809
bootstrap_mean_std  0.3242715 0.1150032  2.862242 0.02237535 0.003896956
                         FNR       TPR   sum_beta
bootstrap_mean     0.1466667 0.8533333 0.03822241
bootstrap_mean_std 0.0154033 0.0154033 0.03265348
Time difference of 14.89838 mins
[1] "Round 20"
[1] "Round 40"
[1] "Round 60"
[1] "Round 80"
[1] "Round 100"
[1] "results/Vani+dirichlet_n100_p100_tau5.5_rho0.5_sigma0.5_Nsim100"
                       lambda         SE        PE       linf        FPR
bootstrap_mean     10.6196160 3.89422804 98.247360 1.05889513 0.19191489
bootstrap_mean_std  0.3537078 0.08341273  2.202889 0.01586545 0.01029082
                          FNR        TPR   sum_beta
bootstrap_mean     0.08666667 0.91333333 0.03435014
bootstrap_mean_std 0.01219004 0.01219004 0.03152217
Time difference of 1.28019 mins
[1] "Round 20"
[1] "Round 40"
[1] "Round 60"
[1] "Round 80"
[1] "Round 100"
[1] "results/Eric+dirichlet_n100_p100_tau6.5_rho0.5_sigma0.5_Nsim100"
                       lambda        SE         PE       linf         FPR
bootstrap_mean     21.0465840 4.2021014 114.593242 1.12486476 0.057234043
bootstrap_mean_std  0.4703985 0.1334167   3.897463 0.02219102 0.003703101
                          FNR        TPR     sum_beta
bootstrap_mean     0.26000000 0.74000000 2.252573e-06
bootstrap_mean_std 0.02042203 0.02042203 1.552422e-05
Time difference of 44.7243 mins
[1] "Round 20"
[1] "Round 40"
[1] "Round 60"
[1] "Round 80"
[1] "Round 100"
[1] "results/Coda+dirichlet_n100_p100_tau6.5_rho0.5_sigma0.5_Nsim100"
                      lambda         SE         PE       linf        FPR
bootstrap_mean     14.921829 4.89349712 132.130333 1.18209011 0.15489362
bootstrap_mean_std  0.622894 0.09833105   3.395781 0.01610416 0.01122019
                          FNR        TPR     sum_beta
bootstrap_mean     0.18166667 0.81833333 6.939868e-06
bootstrap_mean_std 0.01925885 0.01925885 1.509164e-05
Time difference of 40.34258 mins
[1] "Round 20"
[1] "Round 40"
[1] "Round 60"
[1] "Round 80"
[1] "Round 100"
[1] "results/CoCo+dirichlet_n100_p100_tau6.5_rho0.5_sigma0.5_Nsim100"
                       lambda        SE         PE       linf         FPR
bootstrap_mean     20.7625021 4.2236745 116.919421 1.13464954 0.058085106
bootstrap_mean_std  0.5229562 0.1353006   3.880664 0.02247436 0.004089338
                          FNR        TPR   sum_beta
bootstrap_mean     0.27333333 0.72666667 0.04196238
bootstrap_mean_std 0.02072209 0.02072209 0.03110059
Time difference of 16.59137 mins
[1] "Round 20"
[1] "Round 40"
[1] "Round 60"
[1] "Round 80"
[1] "Round 100"
[1] "results/Vani+dirichlet_n100_p100_tau6.5_rho0.5_sigma0.5_Nsim100"
                       lambda         SE         PE      linf         FPR
bootstrap_mean     14.4783788 4.85694927 133.047176 1.1794858 0.158510638
bootstrap_mean_std  0.5781549 0.09897468   3.183389 0.0162062 0.009937709
                          FNR        TPR   sum_beta
bootstrap_mean     0.18000000 0.82000000 0.02825469
bootstrap_mean_std 0.01860451 0.01860451 0.02831670
Time difference of 1.31087 mins
[1] "Round 20"
[1] "Round 40"
[1] "Round 60"
[1] "Round 80"
[1] "Round 100"
[1] "results/Eric+dirichlet_n100_p100_tau7.5_rho0.5_sigma0.5_Nsim100"
                       lambda        SE         PE       linf         FPR
bootstrap_mean     27.0309478 5.2203794 151.794996 1.23892448 0.044042553
bootstrap_mean_std  0.7269289 0.1470011   4.814636 0.02043354 0.003500742
                          FNR        TPR     sum_beta
bootstrap_mean     0.40000000 0.60000000 4.626551e-07
bootstrap_mean_std 0.02450406 0.02450406 2.494803e-05
Time difference of 46.94985 mins
[1] "Round 20"
[1] "Round 40"
[1] "Round 60"
[1] "Round 80"
[1] "Round 100"
[1] "results/Coda+dirichlet_n100_p100_tau7.5_rho0.5_sigma0.5_Nsim100"
                       lambda        SE         PE      linf        FPR
bootstrap_mean     20.0214228 5.6972448 164.513951 1.2739318 0.12489362
bootstrap_mean_std  0.9227193 0.1009331   4.127602 0.0148457 0.01056023
                          FNR        TPR     sum_beta
bootstrap_mean     0.28500000 0.71500000 1.281119e-06
bootstrap_mean_std 0.02419234 0.02419234 2.770110e-05
Time difference of 42.74081 mins
[1] "Round 20"
[1] "Round 40"
[1] "Round 60"
[1] "Round 80"
[1] "Round 100"
[1] "results/CoCo+dirichlet_n100_p100_tau7.5_rho0.5_sigma0.5_Nsim100"
                       lambda        SE         PE      linf         FPR
bootstrap_mean     27.2709616 5.2341946 155.987245 1.2411106 0.044468085
bootstrap_mean_std  0.8840005 0.1501986   4.988996 0.0210621 0.003944076
                          FNR        TPR   sum_beta
bootstrap_mean     0.42000000 0.58000000 0.03196512
bootstrap_mean_std 0.02632355 0.02632355 0.02992531
Time difference of 16.18322 mins
[1] "Round 20"
[1] "Round 40"
[1] "Round 60"
[1] "Round 80"
[1] "Round 100"
[1] "results/Vani+dirichlet_n100_p100_tau7.5_rho0.5_sigma0.5_Nsim100"
                      lambda        SE         PE       linf        FPR
bootstrap_mean     20.460053 5.6841495 166.920369 1.27207339 0.12829787
bootstrap_mean_std  1.059104 0.1063633   3.981162 0.01562362 0.01046585
                          FNR        TPR   sum_beta
bootstrap_mean     0.29500000 0.70500000 0.02780473
bootstrap_mean_std 0.02771255 0.02771255 0.02558854
Time difference of 1.217715 mins
[1] "Round 20"
[1] "Round 40"
[1] "Round 60"
[1] "Round 80"
[1] "Round 100"
[1] "results/Eric+dirichlet_n100_p100_tau8.5_rho0.5_sigma0.5_Nsim100"
                       lambda        SE         PE       linf         FPR
bootstrap_mean     32.4750511 5.9114825 178.815334 1.31354322 0.038191489
bootstrap_mean_std  0.8988717 0.1292943   4.723321 0.01746969 0.003207906
                          FNR        TPR     sum_beta
bootstrap_mean     0.48166667 0.51833333 2.027473e-05
bootstrap_mean_std 0.02539199 0.02539199 3.455093e-05
Time difference of 45.87497 mins
[1] "Round 20"
[1] "Round 40"
[1] "Round 60"
[1] "Round 80"
[1] "Round 100"
[1] "results/Coda+dirichlet_n100_p100_tau8.5_rho0.5_sigma0.5_Nsim100"
                     lambda        SE      PE       linf         FPR        FNR
bootstrap_mean     25.06294 6.2544400 188.897 1.33597853 0.102659574 0.36000000
bootstrap_mean_std  1.11741 0.0915359   4.046 0.01327659 0.009084176 0.02677168
                          TPR     sum_beta
bootstrap_mean     0.64000000 6.184196e-06
bootstrap_mean_std 0.02677168 4.232071e-05
Time difference of 43.3083 mins
[1] "Round 20"
[1] "Round 40"
[1] "Round 60"
[1] "Round 80"
[1] "Round 100"
[1] "results/CoCo+dirichlet_n100_p100_tau8.5_rho0.5_sigma0.5_Nsim100"
                       lambda        SE         PE       linf         FPR
bootstrap_mean     32.6354306 5.9240774 183.409224 1.31795679 0.037553191
bootstrap_mean_std  0.9424891 0.1340487   4.856775 0.01788122 0.003508684
                          FNR        TPR   sum_beta
bootstrap_mean     0.51500000 0.48500000 0.01996540
bootstrap_mean_std 0.02701945 0.02701945 0.02618484
Time difference of 17.13692 mins
[1] "Round 20"
[1] "Round 40"
[1] "Round 60"
[1] "Round 80"
[1] "Round 100"
[1] "results/Vani+dirichlet_n100_p100_tau8.5_rho0.5_sigma0.5_Nsim100"
                      lambda         SE        PE       linf        FPR
bootstrap_mean     25.888038 6.28950148 193.44839 1.34069762 0.10319149
bootstrap_mean_std  1.215002 0.09651081   4.23949 0.01376679 0.01012799
                          FNR        TPR   sum_beta
bootstrap_mean     0.40000000 0.60000000 0.02944333
bootstrap_mean_std 0.02920572 0.02920572 0.02286488
Time difference of 1.063894 mins
[1] "Round 20"
[1] "Round 40"
[1] "Round 60"
[1] "Round 80"
[1] "Round 100"
[1] "results/Eric+dirichlet_n100_p100_tau9.5_rho0.5_sigma0.5_Nsim100"
                      lambda       SE        PE       linf         FPR
bootstrap_mean     38.708214 6.476544 202.62009 1.36682352 0.030319149
bootstrap_mean_std  1.052132 0.111582   4.60287 0.01411013 0.003017975
                          FNR        TPR     sum_beta
bootstrap_mean     0.58000000 0.42000000 6.880904e-06
bootstrap_mean_std 0.02534609 0.02534609 4.348097e-05
Time difference of 48.47758 mins
[1] "Round 20"
[1] "Round 40"
[1] "Round 60"
[1] "Round 80"
[1] "Round 100"
[1] "results/Coda+dirichlet_n100_p100_tau9.5_rho0.5_sigma0.5_Nsim100"
                      lambda         SE         PE       linf         FPR
bootstrap_mean     30.537652 6.68704097 209.202223 1.37980781 0.084468085
bootstrap_mean_std  1.274086 0.07729188   4.135918 0.01103616 0.008191441
                          FNR        TPR     sum_beta
bootstrap_mean     0.45000000 0.55000000 3.011919e-05
bootstrap_mean_std 0.02847607 0.02847607 5.014081e-05
Time difference of 41.91843 mins
[1] "Round 20"
[1] "Round 40"
[1] "Round 60"
[1] "Round 80"
[1] "Round 100"
[1] "results/CoCo+dirichlet_n100_p100_tau9.5_rho0.5_sigma0.5_Nsim100"
                      lambda       SE        PE       linf         FPR
bootstrap_mean     39.280530 6.514934 209.65026 1.37277005 0.028085106
bootstrap_mean_std  1.067031 0.115378   4.96946 0.01449978 0.003290324
                          FNR        TPR   sum_beta
bootstrap_mean     0.62500000 0.37500000 0.01841559
bootstrap_mean_std 0.02684024 0.02684024 0.02360320
Time difference of 17.49082 mins
[1] "Round 20"
[1] "Round 40"
[1] "Round 60"
[1] "Round 80"
[1] "Round 100"
[1] "results/Vani+dirichlet_n100_p100_tau9.5_rho0.5_sigma0.5_Nsim100"
                      lambda         SE         PE       linf         FPR
bootstrap_mean     31.777886 6.73389475 214.238939 1.38711394 0.081170213
bootstrap_mean_std  1.322109 0.08412647   4.161495 0.01147682 0.009453295
                          FNR        TPR   sum_beta
bootstrap_mean     0.51666667 0.48333333 0.02309663
bootstrap_mean_std 0.03019763 0.03019763 0.02053648
Time difference of 57.18135 secs
