During startup - Warning messages:
1: Setting LC_CTYPE failed, using "C" 
2: Setting LC_COLLATE failed, using "C" 
3: Setting LC_TIME failed, using "C" 
4: Setting LC_MESSAGES failed, using "C" 
5: Setting LC_MONETARY failed, using "C" 
6: Setting LC_PAPER failed, using "C" 
7: Setting LC_MEASUREMENT failed, using "C" 
[1] "y1~otu2"
[1] "Using (y1,otu2) to inference (y1,otu1)"
[1] "apply scale to X"
[1] "apply scale to Z"
[1] "compute Sig_B by var(B)"
  model    lambda       SE       PE      linf         FPR       FNR
1  CoDA 0.6926492 0.794726 0.334773 0.3694518 0.009834050 0.8333333
2  CoCo 1.0527652 1.751243 1.645849 0.7154641 0.004917025 0.8333333
3  Vani 0.1637762 4.031940 3.474354 0.8693863 0.025199754 0.8333333
1  Eric 1.099092 2.811451 5.441013 0.896361 0.005593536 0.9333333 -3.079766e-07
      sum_beta
1 3.813200e-08
2 2.502985e+00
3 4.739606e+00
4 0.000000e+00
[1] "y2~otu1"
[1] "Using (y2, otu1) to inference (y2, otu2)"
[1] "apply scale to X"
[1] "apply scale to Z"
[1] "compute Sig_B by var(B)"
  model    lambda         SE         PE     linf          FPR FNR     sum_beta
1  CoDA 0.8711354 0.01728872 0.02512039 0.108912 0.0006116208   1 7.874177e-06
2  CoCo 1.0992482 0.01728872 0.02512082 0.108912 0.0000000000   1 0.000000e+00
3  Vani 1.0992482 0.01728872 0.02512082 0.108912 0.0000000000   1 0.000000e+00
1  Eric 0.9126151 0.01728872 0.02512046 0.108912 0.0006116208   1 6.621446e-06
Error: unexpected ')' in "results_df[i,])"
Execution halted
