Remark: The bootstrap size is n=96
E is generated from Uni(0.1,10)

[1] 96  3
[1] 96
[1] 96 80
[1]     0 11890
[1] "(y,X,Z)"
[1] "Using (y,Z) to inference (y,X)"
[1] "compute Sig_B by var(B)"
[1] "range of Sig_B"
[1] "Use Sig_B for approximation"
[1] 0.1299383
[1] "No approximation"
[1] 0.2307745
[1] "Eric"
[1] "Round 10"
[1] "Round 20"
[1] "Round 30"
[1] "Round 40"
[1] "Round 50"
[1] "Round 60"
[1] "Round 70"
[1] "Round 80"
[1] "Round 90"
[1] "Round 100"
Time difference of 1.172855 hours
[1] "Eric"
                      lambda        SE        PE      linf         FPR
bootstrap_mean     1.5602545 10.661734 8.3867769 1.8941367 0.099375000
bootstrap_mean_std 0.0774682  1.293353 0.4517713 0.1324918 0.004817331
                          FNR      sum_beta        MSE    seleted
bootstrap_mean     0.73125000 -3.356371e-07 29.5363184 10.6600000
bootstrap_mean_std 0.01107752  1.935470e-07  0.5481141  0.3949735
[1] "CoDA"
[1] "Round 10"
[1] "Round 20"
[1] "Round 30"
[1] "Round 40"
[1] "Round 50"
[1] "Round 60"
[1] "Round 70"
[1] "Round 80"
[1] "Round 90"
[1] "Round 100"
Time difference of 1.18156 hours
[1] "CoDA"
                       lambda        SE         PE       linf         FPR
bootstrap_mean     0.54351291 8.6370694 11.8376525 1.42095728 0.219687500
bootstrap_mean_std 0.07994269 0.4873761  0.6323885 0.05496887 0.009039722
                          FNR      sum_beta        MSE    seleted
bootstrap_mean     0.56875000 -8.086315e-08 31.7682781 20.9600000
bootstrap_mean_std 0.01493092  5.690737e-08  0.6631755  0.7476455
[1] "CoCo"
[1] "Round 10"
[1] "Round 20"
[1] "Round 30"
[1] "Round 40"
[1] "Round 50"
[1] "Round 60"
[1] "Round 70"
[1] "Round 80"
[1] "Round 90"
[1] "Round 100"
Time difference of 27.3641 mins
[1] "CoCo"
                       lambda        SE        PE      linf         FPR
bootstrap_mean     1.90797710 12.258689 12.229826 1.8625181 0.075000000
bootstrap_mean_std 0.06115728  5.052552  2.360753 0.2398211 0.003233593
                          FNR  sum_beta       MSE   seleted
bootstrap_mean     0.76750000 -2.083044 35.010929 8.5200000
bootstrap_mean_std 0.01017058  0.310811  2.502973 0.2918004
[1] "Vani"
[1] "Round 10"
[1] "Round 20"
[1] "Round 30"
[1] "Round 40"
[1] "Round 50"
[1] "Round 60"
[1] "Round 70"
[1] "Round 80"
[1] "Round 90"
[1] "Round 100"
Time difference of 15.97147 mins
[1] "Vani"
                       lambda        SE         PE       linf         FPR
bootstrap_mean     0.65664224 7.6542815 11.3074469 1.34370418 0.198437500
bootstrap_mean_std 0.07732772 0.4784413  0.6247891 0.05463147 0.008909697
                          FNR   sum_beta        MSE    seleted
bootstrap_mean     0.58750000 -0.6293871 31.6407828 19.3000000
bootstrap_mean_std 0.01591585  0.1140854  0.6615394  0.7548496
[1] "(y1,X,Z)"
[1] "Using (y1, Z) to inference (y1, X)"
[1] "compute Sig_B by var(B)"
[1] "range of Sig_B"
[1] "Use Sig_B for approximation"
[1] 0.1299383
[1] "No approximation"
[1] 0.2307745
[1] "Eric"
[1] "Round 10"
[1] "Round 20"
[1] "Round 30"
[1] "Round 40"
[1] "Round 50"
[1] "Round 60"
[1] "Round 70"
[1] "Round 80"
[1] "Round 90"
[1] "Round 100"
Time difference of 1.029697 hours
[1] "Eric"
                       lambda       SE        PE      linf         FPR
bootstrap_mean     1.48003359 8.362777 7.4364972 1.6114062 0.088387097
bootstrap_mean_std 0.07055548 1.144586 0.4547402 0.1313816 0.004678459
                          FNR      sum_beta        MSE    seleted
bootstrap_mean     0.73277778 -2.342680e-07 28.2258954 10.2900000
bootstrap_mean_std 0.01025595  1.822687e-07  0.4887128  0.3701747
[1] "CoDA"
[1] "Round 10"
[1] "Round 20"
[1] "Round 30"
[1] "Round 40"
[1] "Round 50"
[1] "Round 60"
[1] "Round 70"
[1] "Round 80"
[1] "Round 90"
[1] "Round 100"
Time difference of 1.006018 hours
[1] "CoDA"
                       lambda        SE         PE      linf         FPR
bootstrap_mean     0.63390163 6.9154259 10.5498888 1.2605315 0.191774194
bootstrap_mean_std 0.08861781 0.4384653  0.5471674 0.0566809 0.009048463
                          FNR      sum_beta        MSE    seleted
bootstrap_mean     0.56611111 -1.914817e-07 30.2322141 19.7000000
bootstrap_mean_std 0.01598289  1.171959e-07  0.5283741  0.7875932
[1] "CoCo"
[1] "Round 10"
[1] "Round 20"
[1] "Round 30"
[1] "Round 40"
[1] "Round 50"
[1] "Round 60"
[1] "Round 70"
[1] "Round 80"
[1] "Round 90"
[1] "Round 100"
Time difference of 26.55721 mins
[1] "CoCo"
                       lambda       SE        PE      linf         FPR
bootstrap_mean     1.82203275 9.260407 10.028385 1.5926926 0.062741935
bootstrap_mean_std 0.06428729 3.465682  1.591784 0.2016916 0.003738185
                           FNR   sum_beta       MSE   seleted
bootstrap_mean     0.768333333 -1.8094187 32.038007 8.0600000
bootstrap_mean_std 0.009575573  0.2932076  1.688422 0.3110166
[1] "Vani"
[1] "Round 10"
[1] "Round 20"
[1] "Round 30"
[1] "Round 40"
[1] "Round 50"
[1] "Round 60"
[1] "Round 70"
[1] "Round 80"
[1] "Round 90"
[1] "Round 100"
Time difference of 13.49352 mins
[1] "Vani"
                       lambda        SE         PE       linf         FPR
bootstrap_mean     0.59701111 6.4195823 10.2939483 1.23562529 0.181935484
bootstrap_mean_std 0.06667407 0.4140158  0.5396336 0.05421268 0.007818267
                          FNR   sum_beta        MSE    seleted
bootstrap_mean     0.57222222 -0.7208549 30.2049861 18.9800000
bootstrap_mean_std 0.01361973  0.1099045  0.5563924  0.6567413
Error: unexpected symbol in "_name"
Execution halted
